    Checking apostasy v0.1.0 (/home/rain/files/projects/rust/apostasy-engine/apostasy)
error: expected expression, found `.`
   --> apostasy/src/engine/editor/mod.rs:308:29
    |
308 | ...   .load_scene(&world.scene_manager.primary_scene.clone().unwrap());
    |       ^ expected expression

warning: unused import: `fixed_update`
 --> apostasy/src/engine/mod.rs:9:44
  |
9 | use apostasy_macros::{editor_fixed_update, fixed_update};
  |                                            ^^^^^^^^^^^^
  |
  = note: `#[warn(unused_imports)]` (part of `#[warn(unused)]`) on by default

warning: unused imports: `camera::Camera`, `collider::Collider`, `cursor_manager::CursorManager`, `editor::inspectable::InspectValue`, `log_warn`, `physics::Physics`, `player::Player`, `rendering::models::model::ModelRenderer`, `transform::Transform`, and `velocity::Velocity`
  --> apostasy/src/engine/editor/mod.rs:4:9
   |
 4 |         editor::inspectable::InspectValue,
   |         ^^^^^^^^^^^^^^^^^^^^^^^^^^^^^^^^^
...
 8 |                 camera::Camera, collider::Collider, physics::Physics, player::Player,
   |                 ^^^^^^^^^^^^^^  ^^^^^^^^^^^^^^^^^^  ^^^^^^^^^^^^^^^^  ^^^^^^^^^^^^^^
 9 |                 transform::Transform, velocity::Velocity,
   |                 ^^^^^^^^^^^^^^^^^^^^  ^^^^^^^^^^^^^^^^^^
...
13 |         rendering::models::model::ModelRenderer,
   |         ^^^^^^^^^^^^^^^^^^^^^^^^^^^^^^^^^^^^^^^
14 |         windowing::{
15 |             cursor_manager::CursorManager,
   |             ^^^^^^^^^^^^^^^^^^^^^^^^^^^^^
...
19 |     log_warn,
   |     ^^^^^^^^

warning: unused import: `World`
 --> apostasy/src/engine/nodes/components/raycast.rs:5:11
  |
5 |     Node, World,
  |           ^^^^^

warning: unused import: `InspectValue`
 --> apostasy/src/engine/nodes/components/transform.rs:1:42
  |
1 | use crate::engine::editor::inspectable::{InspectValue, Inspectable};
  |                                          ^^^^^^^^^^^^

warning: unused import: `Inspectable`
 --> apostasy/src/engine/nodes/components/transform.rs:1:56
  |
1 | use crate::engine::editor::inspectable::{InspectValue, Inspectable};
  |                                                        ^^^^^^^^^^^

warning: `apostasy` (lib) generated 5 warnings
error: could not compile `apostasy` (lib) due to 1 previous error; 5 warnings emitted
